[2019-06-03 20:34:23] mvc_logger.INFO: Status Code: 200 [] []
[2019-06-03 20:34:25] mvc_logger.INFO: Status Code: 200 [] []
[2019-06-03 20:35:54] mvc_logger.INFO: Status Code: 200 [] []
[2019-06-03 20:36:10] mvc_logger.INFO: Status Code: 200 [] []
[2019-06-03 20:40:19] mvc_logger.INFO: Status Code: 200 [] []
[2019-06-03 20:40:51] mvc_logger.INFO: Status Code: 200 [] []
[2019-06-03 20:45:43] mvc_logger.INFO: Status Code: 200 [] []
[2019-06-03 20:45:46] mvc_logger.INFO: Status Code: 200 [] []
[2019-06-03 20:47:44] mvc_logger.INFO: Status Code: 200 [] []
[2019-06-03 20:47:51] mvc_logger.INFO: Status Code: 200 [] []
[2019-06-03 20:48:08] mvc_logger.INFO: Status Code: 200 [] []
[2019-06-03 20:48:30] mvc_logger.INFO: Status Code: 200 [] []
[2019-06-03 20:48:35] mvc_logger.INFO: Status Code: 200 [] []
[2019-06-03 20:48:55] mvc_logger.INFO: Status Code: 200 [] []
[2019-06-03 20:48:56] mvc_logger.INFO: Status Code: 200 [] []
[2019-06-03 20:48:57] mvc_logger.INFO: Status Code: 200 [] []
[2019-06-03 20:48:59] mvc_logger.INFO: Status Code: 200 [] []
[2019-06-03 20:48:59] mvc_logger.INFO: Status Code: 200 [] []
[2019-06-03 20:49:05] mvc_logger.INFO: Status Code: 200 [] []
[2019-06-03 20:50:12] mvc_logger.INFO: Status Code: 200 [] []
[2019-06-03 20:50:15] mvc_logger.INFO: Status Code: 200 [] []
[2019-06-03 20:50:17] mvc_logger.INFO: Status Code: 200 [] []
[2019-06-03 20:50:18] mvc_logger.INFO: Status Code: 200 [] []
[2019-06-03 20:51:21] mvc_logger.INFO: Status Code: 200 [] []
[2019-06-03 20:51:25] mvc_logger.INFO: Status Code: 200 [] []
[2019-06-03 20:54:57] mvc_logger.INFO: Status Code: 200 [] []
[2019-06-03 21:06:57] mvc_logger.INFO: Status Code: 200 [] []
[2019-06-03 21:22:57] mvc_logger.INFO: Status Code: 200 [] []
[2019-06-03 21:22:58] mvc_logger.INFO: Status Code: 200 [] []
[2019-06-03 21:24:03] mvc_logger.INFO: Status Code: 200 [] []
[2019-06-03 21:24:04] mvc_logger.INFO: Status Code: 200 [] []
[2019-06-03 21:33:23] mvc_logger.INFO: Status Code: 200 [] []
[2019-06-03 21:33:24] mvc_logger.INFO: Status Code: 200 [] []
[2019-06-03 21:33:30] mvc_logger.INFO: Status Code: 200 [] []
[2019-06-03 21:33:32] mvc_logger.INFO: Status Code: 200 [] []
[2019-06-03 21:33:33] mvc_logger.INFO: Status Code: 200 [] []
[2019-06-03 21:33:35] mvc_logger.INFO: Status Code: 200 [] []
[2019-06-03 21:33:37] mvc_logger.INFO: Status Code: 200 [] []
[2019-06-03 21:33:37] mvc_logger.INFO: Status Code: 200 [] []
[2019-06-03 21:34:48] mvc_logger.INFO: Status Code: 200 [] []
[2019-06-03 21:36:26] mvc_logger.ERROR: Status Code: 500 - Internal Server Error {"Error":"[object] (PDOException(code: 42S02): SQLSTATE[42S02]: Base table or view not found: 1146 Table 'tp4bdd.users' doesn't exist at E:\\PATO\\UNIV\\2019\\PAW\\TP4\\2019_TP4_PAW-master\\2019_TP4_PAW\\core\\database\\QueryBuilder.php:36)"} []
[2019-06-03 21:45:54] mvc_logger.INFO: Status Code: 200 [] []
[2019-06-03 21:45:55] mvc_logger.INFO: Status Code: 200 [] []
[2019-06-03 21:50:27] mvc_logger.INFO: Status Code: 200 [] []
[2019-06-03 21:50:33] mvc_logger.INFO: Status Code: 200 [] []
[2019-06-03 21:50:45] mvc_logger.INFO: Status Code: 200 [] []
[2019-06-03 21:51:17] mvc_logger.INFO: Status Code: 200 [] []
[2019-06-03 21:51:35] mvc_logger.INFO: Status Code: 200 [] []
[2019-06-03 21:51:49] mvc_logger.INFO: Status Code: 200 [] []
[2019-06-03 21:51:55] mvc_logger.INFO: Status Code: 200 [] []
[2019-06-03 21:51:56] mvc_logger.INFO: Status Code: 200 [] []
[2019-06-03 21:52:46] mvc_logger.INFO: Status Code: 200 [] []
[2019-06-03 21:52:47] mvc_logger.INFO: Status Code: 200 [] []
[2019-06-03 21:52:51] mvc_logger.ERROR: Status Code: 500 - Internal Server Error {"Error":"[object] (PDOException(code: 42S02): SQLSTATE[42S02]: Base table or view not found: 1146 Table 'tp4bdd.tasks' doesn't exist at E:\\PATO\\UNIV\\2019\\PAW\\TP4\\2019_TP4_PAW-master\\2019_TP4_PAW\\core\\database\\QueryBuilder.php:36)"} []
[2019-06-03 21:53:22] mvc_logger.INFO: Status Code: 200 [] []
[2019-06-03 21:53:26] mvc_logger.INFO: Status Code: 200 [] []
[2019-06-03 21:53:27] mvc_logger.INFO: Status Code: 200 [] []
[2019-06-03 21:59:46] mvc_logger.INFO: Status Code: 200 [] []
[2019-06-03 21:59:47] mvc_logger.INFO: Status Code: 200 [] []
[2019-06-03 22:03:36] mvc_logger.INFO: Status Code: 200 [] []
[2019-06-03 22:03:38] mvc_logger.ERROR: Status Code: 500 - Internal Server Error {"Error":"[object] (PDOException(code: 42S02): SQLSTATE[42S02]: Base table or view not found: 1146 Table 'mytodo.turnos' doesn't exist at E:\\PATO\\UNIV\\2019\\PAW\\TP4\\2019_TP4_PAW-master\\2019_TP4_PAW\\core\\database\\QueryBuilder.php:36)"} []
[2019-06-03 22:03:59] mvc_logger.INFO: Status Code: 200 [] []
[2019-06-03 22:04:58] mvc_logger.INFO: Status Code: 200 [] []
[2019-06-03 22:05:00] mvc_logger.INFO: Status Code: 200 [] []
[2019-06-03 22:05:01] mvc_logger.INFO: Status Code: 200 [] []
[2019-06-03 22:05:01] mvc_logger.INFO: Status Code: 200 [] []
[2019-06-03 22:27:02] mvc_logger.INFO: Status Code: 200 [] []
[2019-06-03 22:27:02] mvc_logger.INFO: Status Code: 200 [] []
[2019-06-03 22:27:03] mvc_logger.INFO: Status Code: 200 [] []
[2019-06-03 22:29:15] mvc_logger.INFO: Status Code: 200 [] []
[2019-06-03 22:29:15] mvc_logger.INFO: Status Code: 200 [] []
[2019-06-03 22:29:16] mvc_logger.INFO: Status Code: 200 [] []
[2019-06-03 22:37:03] mvc_logger.INFO: Status Code: 200 [] []
[2019-06-03 22:37:04] mvc_logger.INFO: Status Code: 200 [] []
[2019-06-03 22:37:04] mvc_logger.INFO: Status Code: 200 [] []
[2019-06-03 22:43:51] mvc_logger.INFO: Status Code: 200 [] []
[2019-06-03 22:46:48] mvc_logger.INFO: Status Code: 200 [] []
[2019-06-03 22:46:48] mvc_logger.INFO: Status Code: 200 [] []
[2019-06-03 22:47:48] mvc_logger.INFO: Status Code: 200 [] []
[2019-06-03 22:47:48] mvc_logger.INFO: Status Code: 200 [] []
[2019-06-03 22:52:42] mvc_logger.INFO: Status Code: 200 [] []
[2019-06-03 23:06:50] mvc_logger.INFO: Status Code: 200 [] []
[2019-06-03 23:09:01] mvc_logger.INFO: Status Code: 200 [] []
[2019-06-03 23:09:43] mvc_logger.INFO: Status Code: 200 [] []
[2019-06-03 23:10:31] mvc_logger.INFO: Status Code: 200 [] []
[2019-06-03 23:10:43] mvc_logger.INFO: Status Code: 200 [] []
[2019-06-03 23:12:51] mvc_logger.INFO: Status Code: 200 [] []
[2019-06-03 23:12:53] mvc_logger.INFO: Status Code: 200 [] []
[2019-06-03 23:13:07] mvc_logger.INFO: Status Code: 200 [] []
[2019-06-03 23:59:20] mvc_logger.INFO: Status Code: 200 [] []
[2019-06-03 23:59:21] mvc_logger.INFO: Status Code: 200 [] []
[2019-06-03 23:59:22] mvc_logger.INFO: Status Code: 200 [] []
[2019-06-03 23:59:23] mvc_logger.INFO: Status Code: 200 [] []
[2019-06-04 00:11:19] mvc_logger.INFO: Status Code: 200 [] []
[2019-06-04 00:12:25] mvc_logger.INFO: Status Code: 200 [] []
[2019-06-04 00:14:01] mvc_logger.INFO: Status Code: 200 [] []
[2019-06-04 00:15:02] mvc_logger.INFO: Status Code: 200 [] []
[2019-06-04 00:24:48] mvc_logger.INFO: Status Code: 200 [] []
[2019-06-04 00:25:35] mvc_logger.INFO: Status Code: 200 [] []
[2019-06-04 00:25:37] mvc_logger.INFO: Status Code: 200 [] []
[2019-06-04 00:28:22] mvc_logger.INFO: Status Code: 200 [] []
[2019-06-04 00:28:31] mvc_logger.INFO: Status Code: 200 [] []
[2019-06-04 00:28:57] mvc_logger.INFO: Status Code: 200 [] []
[2019-06-04 00:33:12] mvc_logger.INFO: Status Code: 200 [] []
[2019-06-04 00:34:33] mvc_logger.INFO: Status Code: 200 [] []
[2019-06-04 00:35:05] mvc_logger.INFO: Status Code: 200 [] []
[2019-06-04 00:35:13] mvc_logger.INFO: Status Code: 200 [] []
[2019-06-04 00:36:28] mvc_logger.ERROR: Status Code: 500 - Internal Server Error {"Error":"[object] (Twig_Error_Syntax(code: 0): Unexpected token \"operator\" of value \"=\" (\"end of print statement\" expected). at E:\\PATO\\UNIV\\2019\\PAW\\TP4\\2019_TP4_PAW-master\\2019_TP4_PAW\\app\\views\\verTurnos.html:32)"} []
[2019-06-04 00:36:48] mvc_logger.INFO: Status Code: 200 [] []
[2019-06-04 00:40:51] mvc_logger.INFO: Status Code: 200 [] []
[2019-06-04 00:42:01] mvc_logger.INFO: Status Code: 200 [] []
[2019-06-04 00:42:02] mvc_logger.INFO: Status Code: 200 [] []
[2019-06-04 00:42:03] mvc_logger.INFO: Status Code: 200 [] []
[2019-06-04 00:42:10] mvc_logger.INFO: Status Code: 200 [] []
[2019-06-04 00:42:40] mvc_logger.INFO: Status Code: 200 [] []
[2019-06-04 00:42:43] mvc_logger.INFO: Status Code: 200 [] []
[2019-06-04 00:42:46] mvc_logger.INFO: Status Code: 200 [] []
[2019-06-04 00:42:50] mvc_logger.INFO: Status Code: 200 [] []
[2019-06-04 01:03:18] mvc_logger.INFO: Status Code: 200 [] []
[2019-06-04 01:03:19] mvc_logger.INFO: Status Code: 200 [] []
[2019-06-04 01:03:20] mvc_logger.INFO: Status Code: 200 [] []
[2019-06-04 01:03:20] mvc_logger.INFO: Status Code: 200 [] []
[2019-06-04 01:03:23] mvc_logger.ERROR: Status Code: 500 - Internal Server Error {"Error":"[object] (PDOException(code: 42000): SQLSTATE[42000]: Syntax error or access violation: 1064 You have an error in your SQL syntax; check the manual that corresponds to your MariaDB server version for the right syntax to use near '' at line 1 at E:\\PATO\\UNIV\\2019\\PAW\\TP4\\2019_TP4_PAW-master\\2019_TP4_PAW\\core\\database\\QueryBuilder.php:43)"} []
[2019-06-04 01:03:53] mvc_logger.INFO: Status Code: 200 [] []
[2019-06-04 01:05:04] mvc_logger.ERROR: Status Code: 500 - Internal Server Error {"Error":"[object] (PDOException(code: 42000): SQLSTATE[42000]: Syntax error or access violation: 1064 You have an error in your SQL syntax; check the manual that corresponds to your MariaDB server version for the right syntax to use near '' at line 1 at E:\\PATO\\UNIV\\2019\\PAW\\TP4\\2019_TP4_PAW-master\\2019_TP4_PAW\\core\\database\\QueryBuilder.php:43)"} []
[2019-06-04 01:05:58] mvc_logger.INFO: Status Code: 200 [] []
[2019-06-04 01:06:19] mvc_logger.INFO: Status Code: 200 [] []
[2019-06-04 01:06:19] mvc_logger.INFO: Status Code: 200 [] []
[2019-06-04 01:06:21] mvc_logger.INFO: Status Code: 200 [] []
[2019-06-04 01:08:16] mvc_logger.INFO: Status Code: 200 [] []
[2019-06-04 01:08:18] mvc_logger.INFO: Status Code: 200 [] []
[2019-06-04 01:08:25] mvc_logger.INFO: Status Code: 200 [] []
[2019-06-04 01:09:28] mvc_logger.INFO: Status Code: 200 [] []
[2019-06-04 01:09:36] mvc_logger.INFO: Status Code: 200 [] []
[2019-06-04 01:12:02] mvc_logger.INFO: Status Code: 200 [] []
[2019-06-04 01:14:49] mvc_logger.INFO: Status Code: 200 [] []
[2019-06-04 01:15:37] mvc_logger.INFO: Status Code: 200 [] []
[2019-06-04 01:16:06] mvc_logger.INFO: Status Code: 200 [] []
[2019-06-04 01:16:41] mvc_logger.INFO: Status Code: 200 [] []
[2019-06-04 01:16:50] mvc_logger.INFO: Status Code: 200 [] []
[2019-06-04 01:16:52] mvc_logger.INFO: Status Code: 200 [] []
[2019-06-04 01:16:53] mvc_logger.INFO: Status Code: 200 [] []
[2019-06-04 01:16:53] mvc_logger.INFO: Status Code: 200 [] []
[2019-06-04 01:16:55] mvc_logger.INFO: Status Code: 200 [] []
[2019-06-04 01:20:58] mvc_logger.INFO: Status Code: 200 [] []
[2019-06-04 01:21:40] mvc_logger.INFO: Status Code: 200 [] []
[2019-06-04 01:21:42] mvc_logger.INFO: Status Code: 200 [] []
[2019-06-04 01:22:16] mvc_logger.INFO: Status Code: 200 [] []
[2019-06-04 01:24:15] mvc_logger.INFO: Status Code: 200 [] []
[2019-06-04 01:24:16] mvc_logger.INFO: Status Code: 200 [] []
[2019-06-04 01:24:17] mvc_logger.INFO: Status Code: 200 [] []
[2019-06-04 01:24:31] mvc_logger.INFO: Status Code: 200 [] []
[2019-06-04 01:26:32] mvc_logger.INFO: Status Code: 200 [] []
[2019-06-04 01:27:10] mvc_logger.INFO: Status Code: 200 [] []
[2019-06-04 01:27:12] mvc_logger.INFO: Status Code: 200 [] []
[2019-06-04 01:27:14] mvc_logger.INFO: Status Code: 200 [] []
[2019-06-04 01:27:15] mvc_logger.INFO: Status Code: 200 [] []
[2019-06-04 01:27:18] mvc_logger.INFO: Status Code: 200 [] []
[2019-06-04 01:27:21] mvc_logger.INFO: Status Code: 200 [] []
[2019-06-04 01:27:21] mvc_logger.INFO: Status Code: 200 [] []
[2019-06-04 01:27:24] mvc_logger.INFO: Status Code: 200 [] []
[2019-06-04 01:27:25] mvc_logger.INFO: Status Code: 200 [] []
[2019-06-04 01:48:17] mvc_logger.INFO: Status Code: 200 [] []
[2019-06-04 01:48:19] mvc_logger.INFO: Status Code: 200 [] []
[2019-06-04 01:49:10] mvc_logger.INFO: Status Code: 200 [] []
[2019-06-04 01:50:34] mvc_logger.INFO: Status Code: 200 [] []
[2019-06-04 01:50:34] mvc_logger.INFO: Status Code: 200 [] []
[2019-06-04 01:53:26] mvc_logger.INFO: Status Code: 200 [] []
[2019-06-04 01:54:20] mvc_logger.INFO: Status Code: 200 [] []
[2019-06-05 01:12:30] mvc_logger.INFO: Status Code: 200 [] []
[2019-06-05 01:12:53] mvc_logger.INFO: Status Code: 200 [] []
[2019-06-05 01:12:54] mvc_logger.INFO: Status Code: 200 [] []
[2019-06-05 01:12:56] mvc_logger.INFO: Status Code: 200 [] []
[2019-06-05 01:17:16] mvc_logger.INFO: Status Code: 200 [] []
[2019-06-05 01:18:41] mvc_logger.INFO: Status Code: 200 [] []
[2019-06-05 01:18:42] mvc_logger.INFO: Status Code: 200 [] []
[2019-06-05 01:18:43] mvc_logger.INFO: Status Code: 200 [] []
[2019-06-05 01:18:43] mvc_logger.INFO: Status Code: 200 [] []
[2019-06-05 01:18:44] mvc_logger.INFO: Status Code: 200 [] []
[2019-06-05 01:31:58] mvc_logger.INFO: Status Code: 200 [] []
[2019-06-05 01:31:59] mvc_logger.INFO: Status Code: 200 [] []
[2019-06-05 01:31:59] mvc_logger.INFO: Status Code: 200 [] []
[2019-06-05 01:31:59] mvc_logger.INFO: Status Code: 200 [] []
[2019-06-05 01:32:00] mvc_logger.ERROR: Status Code: 500 - Internal Server Error {"Error":"[object] (PDOException(code: 42000): SQLSTATE[42000]: Syntax error or access violation: 1064 You have an error in your SQL syntax; check the manual that corresponds to your MariaDB server version for the right syntax to use near '' at line 1 at E:\\PATO\\UNIV\\2019\\SIP\\Mantenimiento\\core\\database\\QueryBuilder.php:38)"} []
[2019-06-05 01:56:57] mvc_logger.INFO: Status Code: 200 [] []
[2019-06-05 01:56:58] mvc_logger.ERROR: Status Code: 500 - Internal Server Error {"Error":"[object] (PDOException(code: 42000): SQLSTATE[42000]: Syntax error or access violation: 1064 You have an error in your SQL syntax; check the manual that corresponds to your MariaDB server version for the right syntax to use near '' at line 1 at E:\\PATO\\UNIV\\2019\\SIP\\Mantenimiento\\core\\database\\QueryBuilder.php:38)"} []
[2019-06-05 01:57:53] mvc_logger.INFO: Status Code: 200 [] []
[2019-06-05 01:58:12] mvc_logger.INFO: Status Code: 200 [] []
[2019-06-05 01:58:14] mvc_logger.ERROR: Status Code: 500 - Internal Server Error {"Error":"[object] (PDOException(code: 42S02): SQLSTATE[42S02]: Base table or view not found: 1146 Table 'mantenimiento.turnos' doesn't exist at E:\\PATO\\UNIV\\2019\\SIP\\Mantenimiento\\core\\database\\QueryBuilder.php:38)"} []
[2019-06-05 01:59:37] mvc_logger.INFO: Status Code: 200 [] []
[2019-06-05 02:10:09] mvc_logger.INFO: Status Code: 200 [] []
[2019-06-05 02:10:10] mvc_logger.INFO: Status Code: 200 [] []
[2019-06-05 02:32:55] mvc_logger.INFO: Status Code: 200 [] []
[2019-06-05 02:39:41] mvc_logger.INFO: Status Code: 200 [] []
[2019-06-05 02:39:57] mvc_logger.INFO: Status Code: 200 [] []
[2019-06-05 02:41:05] mvc_logger.INFO: Status Code: 200 [] []
[2019-06-05 02:42:14] mvc_logger.INFO: Status Code: 200 [] []
[2019-06-05 02:43:09] mvc_logger.INFO: Status Code: 200 [] []
[2019-06-05 02:45:35] mvc_logger.INFO: Status Code: 200 [] []
[2019-06-05 02:45:43] mvc_logger.INFO: Status Code: 200 [] []
[2019-06-05 02:48:36] mvc_logger.INFO: Status Code: 200 [] []
[2019-06-05 02:53:05] mvc_logger.INFO: Status Code: 200 [] []
[2019-06-05 02:59:41] mvc_logger.INFO: Status Code: 200 [] []
[2019-06-05 03:00:17] mvc_logger.INFO: Status Code: 200 [] []
[2019-06-05 03:01:17] mvc_logger.INFO: Status Code: 200 [] []
[2019-06-05 03:02:29] mvc_logger.INFO: Status Code: 200 [] []
[2019-06-05 03:02:42] mvc_logger.INFO: Status Code: 200 [] []
[2019-06-05 03:02:51] mvc_logger.INFO: Status Code: 200 [] []
[2019-06-05 03:03:50] mvc_logger.INFO: Status Code: 200 [] []
[2019-06-05 03:04:48] mvc_logger.INFO: Status Code: 200 [] []
[2019-06-05 03:05:05] mvc_logger.INFO: Status Code: 200 [] []
[2019-06-05 03:06:07] mvc_logger.INFO: Status Code: 200 [] []
[2019-06-05 03:06:25] mvc_logger.INFO: Status Code: 200 [] []
[2019-06-05 03:06:51] mvc_logger.INFO: Status Code: 200 [] []
[2019-06-05 03:07:42] mvc_logger.INFO: Status Code: 200 [] []
[2019-06-05 03:08:35] mvc_logger.INFO: Status Code: 200 [] []
[2019-06-05 03:08:51] mvc_logger.INFO: Status Code: 200 [] []
[2019-06-05 03:09:13] mvc_logger.INFO: Status Code: 200 [] []
[2019-06-05 03:09:58] mvc_logger.INFO: Status Code: 200 [] []
[2019-06-05 03:12:40] mvc_logger.INFO: Status Code: 200 [] []
[2019-06-05 03:12:57] mvc_logger.INFO: Status Code: 200 [] []
[2019-06-05 03:17:00] mvc_logger.INFO: Status Code: 200 [] []
[2019-06-05 03:17:10] mvc_logger.INFO: Status Code: 200 [] []
[2019-06-05 03:20:18] mvc_logger.INFO: Status Code: 200 [] []
[2019-06-05 03:20:42] mvc_logger.INFO: Status Code: 200 [] []
[2019-06-05 03:20:44] mvc_logger.INFO: Status Code: 200 [] []
[2019-06-05 03:21:48] mvc_logger.INFO: Status Code: 200 [] []
[2019-06-05 03:25:32] mvc_logger.INFO: Status Code: 200 [] []
[2019-06-05 03:25:34] mvc_logger.INFO: Status Code: 200 [] []
[2019-06-05 03:25:35] mvc_logger.INFO: Status Code: 200 [] []
[2019-06-05 03:33:51] mvc_logger.INFO: Status Code: 200 [] []
[2019-06-05 03:33:52] mvc_logger.INFO: Status Code: 200 [] []
[2019-06-05 03:37:06] mvc_logger.ERROR: Error {"Error":"[object] (PDOException(code: 42S22): SQLSTATE[42S22]: Column not found: 1054 Unknown column 'age' in 'field list' at E:\\PATO\\UNIV\\2019\\SIP\\Mantenimiento\\core\\database\\QueryBuilder.php:87)"} []
[2019-06-05 03:37:06] mvc_logger.ERROR: Status Code: 500 - Internal Server Error {"Error":"[object] (Twig_Error_Loader(code: 0): Unable to find template \"verPedidoCreado.html\" (looked into: E:\\PATO\\UNIV\\2019\\SIP\\Mantenimiento/app/views). at E:\\PATO\\UNIV\\2019\\SIP\\Mantenimiento\\vendor\\twig\\twig\\lib\\Twig\\Loader\\Filesystem.php:226)"} []
[2019-06-05 03:38:25] mvc_logger.ERROR: Error {"Error":"[object] (PDOException(code: 23000): SQLSTATE[23000]: Integrity constraint violation: 1048 Column 'fechaInicio' cannot be null at E:\\PATO\\UNIV\\2019\\SIP\\Mantenimiento\\core\\database\\QueryBuilder.php:87)"} []
[2019-06-05 03:38:25] mvc_logger.ERROR: Status Code: 500 - Internal Server Error {"Error":"[object] (Twig_Error_Loader(code: 0): Unable to find template \"verPedidoCreado.html\" (looked into: E:\\PATO\\UNIV\\2019\\SIP\\Mantenimiento/app/views). at E:\\PATO\\UNIV\\2019\\SIP\\Mantenimiento\\vendor\\twig\\twig\\lib\\Twig\\Loader\\Filesystem.php:226)"} []
[2019-06-05 03:39:56] mvc_logger.INFO: Status Code: 200 [] []
[2019-06-05 03:40:12] mvc_logger.ERROR: Error {"Error":"[object] (PDOException(code: 23000): SQLSTATE[23000]: Integrity constraint violation: 1048 Column 'fechaInicio' cannot be null at E:\\PATO\\UNIV\\2019\\SIP\\Mantenimiento\\core\\database\\QueryBuilder.php:87)"} []
[2019-06-05 03:40:12] mvc_logger.ERROR: Status Code: 500 - Internal Server Error {"Error":"[object] (Twig_Error_Loader(code: 0): Unable to find template \"verPedidoCreado.html\" (looked into: E:\\PATO\\UNIV\\2019\\SIP\\Mantenimiento/app/views). at E:\\PATO\\UNIV\\2019\\SIP\\Mantenimiento\\vendor\\twig\\twig\\lib\\Twig\\Loader\\Filesystem.php:226)"} []
[2019-06-05 03:40:19] mvc_logger.INFO: Status Code: 200 [] []
[2019-06-05 03:40:20] mvc_logger.INFO: Status Code: 200 [] []
[2019-06-05 03:40:26] mvc_logger.ERROR: Error {"Error":"[object] (PDOException(code: 23000): SQLSTATE[23000]: Integrity constraint violation: 1048 Column 'fechaInicio' cannot be null at E:\\PATO\\UNIV\\2019\\SIP\\Mantenimiento\\core\\database\\QueryBuilder.php:87)"} []
[2019-06-05 03:40:26] mvc_logger.ERROR: Status Code: 500 - Internal Server Error {"Error":"[object] (Twig_Error_Loader(code: 0): Unable to find template \"verPedidoCreado.html\" (looked into: E:\\PATO\\UNIV\\2019\\SIP\\Mantenimiento/app/views). at E:\\PATO\\UNIV\\2019\\SIP\\Mantenimiento\\vendor\\twig\\twig\\lib\\Twig\\Loader\\Filesystem.php:226)"} []
[2019-06-05 03:43:19] mvc_logger.ERROR: Error {"Error":"[object] (PDOException(code: 23000): SQLSTATE[23000]: Integrity constraint violation: 1048 Column 'fechaInicio' cannot be null at E:\\PATO\\UNIV\\2019\\SIP\\Mantenimiento\\core\\database\\QueryBuilder.php:87)"} []
[2019-06-05 03:43:19] mvc_logger.ERROR: Status Code: 500 - Internal Server Error {"Error":"[object] (Twig_Error_Loader(code: 0): Unable to find template \"verPedidoCreado.html\" (looked into: E:\\PATO\\UNIV\\2019\\SIP\\Mantenimiento/app/views). at E:\\PATO\\UNIV\\2019\\SIP\\Mantenimiento\\vendor\\twig\\twig\\lib\\Twig\\Loader\\Filesystem.php:226)"} []
[2019-06-05 03:50:13] mvc_logger.ERROR: Error {"Error":"[object] (PDOException(code: 23000): SQLSTATE[23000]: Integrity constraint violation: 1048 Column 'fechaInicio' cannot be null at E:\\PATO\\UNIV\\2019\\SIP\\Mantenimiento\\core\\database\\QueryBuilder.php:87)"} []
[2019-06-05 03:50:13] mvc_logger.INFO: Status Code: 200 [] []
[2019-06-05 03:52:36] mvc_logger.INFO: Status Code: 200 [] []
[2019-06-05 03:53:05] mvc_logger.ERROR: Error {"Error":"[object] (PDOException(code: 23000): SQLSTATE[23000]: Integrity constraint violation: 1048 Column 'fechaInicio' cannot be null at E:\\PATO\\UNIV\\2019\\SIP\\Mantenimiento\\core\\database\\QueryBuilder.php:87)"} []
[2019-06-05 03:53:05] mvc_logger.INFO: Status Code: 200 [] []
[2019-06-05 03:54:12] mvc_logger.ERROR: Error {"Error":"[object] (PDOException(code: 23000): SQLSTATE[23000]: Integrity constraint violation: 1048 Column 'fechaInicio' cannot be null at E:\\PATO\\UNIV\\2019\\SIP\\Mantenimiento\\core\\database\\QueryBuilder.php:87)"} []
[2019-06-05 03:54:12] mvc_logger.INFO: Status Code: 200 [] []
[2019-06-05 03:55:02] mvc_logger.INFO: Status Code: 200 [] []
[2019-06-05 03:55:28] mvc_logger.INFO: Status Code: 200 [] []
[2019-06-05 03:55:35] mvc_logger.INFO: Status Code: 200 [] []
[2019-06-05 03:55:43] mvc_logger.INFO: Status Code: 200 [] []
[2019-06-05 03:55:53] mvc_logger.INFO: Status Code: 200 [] []
[2019-06-05 03:56:22] mvc_logger.INFO: Status Code: 200 [] []
[2019-06-05 03:56:26] mvc_logger.ERROR: Error {"Error":"[object] (PDOException(code: 23000): SQLSTATE[23000]: Integrity constraint violation: 1048 Column 'fechaInicio' cannot be null at E:\\PATO\\UNIV\\2019\\SIP\\Mantenimiento\\core\\database\\QueryBuilder.php:87)"} []
[2019-06-05 03:56:26] mvc_logger.INFO: Status Code: 200 [] []
[2019-06-05 03:58:14] mvc_logger.INFO: Status Code: 200 [] []
[2019-06-05 03:58:17] mvc_logger.ERROR: Error {"Error":"[object] (PDOException(code: 23000): SQLSTATE[23000]: Integrity constraint violation: 1048 Column 'fechaInicio' cannot be null at E:\\PATO\\UNIV\\2019\\SIP\\Mantenimiento\\core\\database\\QueryBuilder.php:87)"} []
[2019-06-05 03:58:17] mvc_logger.INFO: Status Code: 200 [] []
[2019-06-05 03:59:48] mvc_logger.INFO: Status Code: 200 [] []
[2019-06-05 03:59:53] mvc_logger.ERROR: Error {"Error":"[object] (PDOException(code: 23000): SQLSTATE[23000]: Integrity constraint violation: 1048 Column 'fechaInicio' cannot be null at E:\\PATO\\UNIV\\2019\\SIP\\Mantenimiento\\core\\database\\QueryBuilder.php:87)"} []
[2019-06-05 03:59:53] mvc_logger.INFO: Status Code: 200 [] []
[2019-06-05 04:00:19] mvc_logger.ERROR: Status Code: 500 - Internal Server Error {"Error":"[object] (Twig_Error_Syntax(code: 0): Unexpected token \"punctuation\" of value \"(\" (\"name\" expected). at E:\\PATO\\UNIV\\2019\\SIP\\Mantenimiento\\app\\views\\pedido.create.html:20)"} []
[2019-06-05 04:00:23] mvc_logger.ERROR: Status Code: 500 - Internal Server Error {"Error":"[object] (Twig_Error_Syntax(code: 0): Unexpected token \"punctuation\" of value \"(\" (\"name\" expected). at E:\\PATO\\UNIV\\2019\\SIP\\Mantenimiento\\app\\views\\pedido.create.html:20)"} []
[2019-06-05 04:00:27] mvc_logger.INFO: Status Code: 200 [] []
[2019-06-05 04:00:30] mvc_logger.ERROR: Error {"Error":"[object] (PDOException(code: 23000): SQLSTATE[23000]: Integrity constraint violation: 1048 Column 'fechaInicio' cannot be null at E:\\PATO\\UNIV\\2019\\SIP\\Mantenimiento\\core\\database\\QueryBuilder.php:87)"} []
[2019-06-05 04:00:30] mvc_logger.INFO: Status Code: 200 [] []
[2019-06-05 04:01:12] mvc_logger.INFO: Status Code: 200 [] []
[2019-06-05 04:01:14] mvc_logger.ERROR: Error {"Error":"[object] (PDOException(code: 23000): SQLSTATE[23000]: Integrity constraint violation: 1048 Column 'fechaInicio' cannot be null at E:\\PATO\\UNIV\\2019\\SIP\\Mantenimiento\\core\\database\\QueryBuilder.php:87)"} []
[2019-06-05 04:01:14] mvc_logger.INFO: Status Code: 200 [] []
[2019-06-05 04:01:39] mvc_logger.INFO: Status Code: 200 [] []
[2019-06-05 04:04:55] mvc_logger.INFO: Status Code: 200 [] []
[2019-06-05 04:05:04] mvc_logger.INFO: Status Code: 200 [] []
[2019-06-05 04:05:56] mvc_logger.ERROR: Error {"Error":"[object] (PDOException(code: 23000): SQLSTATE[23000]: Integrity constraint violation: 1048 Column 'estado' cannot be null at E:\\PATO\\UNIV\\2019\\SIP\\Mantenimiento\\core\\database\\QueryBuilder.php:87)"} []
[2019-06-05 04:05:56] mvc_logger.INFO: Status Code: 200 [] []
[2019-06-05 04:06:34] mvc_logger.INFO: Status Code: 200 [] []
[2019-06-05 04:06:35] mvc_logger.INFO: Status Code: 200 [] []
[2019-06-05 04:06:40] mvc_logger.ERROR: Error {"Error":"[object] (PDOException(code: 23000): SQLSTATE[23000]: Integrity constraint violation: 1048 Column 'fechaInicio' cannot be null at E:\\PATO\\UNIV\\2019\\SIP\\Mantenimiento\\core\\database\\QueryBuilder.php:87)"} []
[2019-06-05 04:06:40] mvc_logger.INFO: Status Code: 200 [] []
[2019-06-05 04:07:47] mvc_logger.INFO: Status Code: 200 [] []
[2019-06-05 04:07:58] mvc_logger.INFO: Status Code: 200 [] []
[2019-06-05 04:11:04] mvc_logger.INFO: Status Code: 200 [] []
[2019-06-05 04:11:25] mvc_logger.INFO: Status Code: 200 [] []
[2019-06-05 04:11:45] mvc_logger.INFO: Status Code: 200 [] []
[2019-06-05 04:11:50] mvc_logger.INFO: Status Code: 200 [] []
[2019-06-05 04:12:12] mvc_logger.INFO: Status Code: 200 [] []
[2019-06-05 04:13:03] mvc_logger.INFO: Status Code: 200 [] []
[2019-06-05 04:13:20] mvc_logger.INFO: Status Code: 200 [] []
[2019-06-05 04:13:23] mvc_logger.INFO: Status Code: 200 [] []
[2019-06-05 04:14:57] mvc_logger.INFO: Status Code: 200 [] []
[2019-06-05 04:15:38] mvc_logger.INFO: Status Code: 200 [] []
[2019-06-05 04:15:41] mvc_logger.ERROR: Status Code: 500 - Internal Server Error {"Error":"[object] (PDOException(code: 42000): SQLSTATE[42000]: Syntax error or access violation: 1064 You have an error in your SQL syntax; check the manual that corresponds to your MariaDB server version for the right syntax to use near '' at line 2 at E:\\PATO\\UNIV\\2019\\SIP\\Mantenimiento\\core\\database\\QueryBuilder.php:65)"} []
[2019-06-05 04:16:03] mvc_logger.INFO: Status Code: 200 [] []
[2019-06-05 04:16:06] mvc_logger.ERROR: Status Code: 500 - Internal Server Error {"Error":"[object] (PDOException(code: 42S22): SQLSTATE[42S22]: Column not found: 1054 Unknown column 'numeroTurno' in 'where clause' at E:\\PATO\\UNIV\\2019\\SIP\\Mantenimiento\\core\\database\\QueryBuilder.php:65)"} []
[2019-06-05 04:17:15] mvc_logger.INFO: Status Code: 200 [] []
[2019-06-05 04:17:24] mvc_logger.INFO: Status Code: 200 [] []
[2019-06-05 04:19:17] mvc_logger.INFO: Status Code: 200 [] []
[2019-06-05 04:22:56] mvc_logger.INFO: Status Code: 200 [] []
[2019-06-05 04:22:56] mvc_logger.INFO: Status Code: 200 [] []
[2019-06-05 04:22:57] mvc_logger.ERROR: Status Code: 500 - Internal Server Error {"Error":"[object] (Twig_Error_Syntax(code: 0): Unknown \"endblock\" tag. at E:\\PATO\\UNIV\\2019\\SIP\\Mantenimiento\\app\\views\\verUnPedido.html:49)"} []
[2019-06-05 04:27:52] mvc_logger.ERROR: Status Code: 500 - Internal Server Error {"Error":"[object] (Twig_Error_Syntax(code: 0): Unknown \"endblock\" tag. at E:\\PATO\\UNIV\\2019\\SIP\\Mantenimiento\\app\\views\\verUnPedido.html:49)"} []
[2019-06-05 04:28:18] mvc_logger.ERROR: Status Code: 500 - Internal Server Error {"Error":"[object] (Twig_Error_Syntax(code: 0): Unknown \"endblock\" tag. at E:\\PATO\\UNIV\\2019\\SIP\\Mantenimiento\\app\\views\\verUnPedido.html:51)"} []
[2019-06-05 04:28:21] mvc_logger.ERROR: Status Code: 500 - Internal Server Error {"Error":"[object] (Twig_Error_Syntax(code: 0): Unknown \"endblock\" tag. at E:\\PATO\\UNIV\\2019\\SIP\\Mantenimiento\\app\\views\\verUnPedido.html:51)"} []
[2019-06-05 04:28:39] mvc_logger.ERROR: Status Code: 500 - Internal Server Error {"Error":"[object] (Twig_Error_Syntax(code: 0): Unknown \"endblock\" tag. at E:\\PATO\\UNIV\\2019\\SIP\\Mantenimiento\\app\\views\\verUnPedido.html:51)"} []
[2019-06-05 04:28:41] mvc_logger.ERROR: Status Code: 500 - Internal Server Error {"Error":"[object] (Twig_Error_Syntax(code: 0): Unknown \"endblock\" tag. at E:\\PATO\\UNIV\\2019\\SIP\\Mantenimiento\\app\\views\\verUnPedido.html:51)"} []
[2019-06-05 04:29:15] mvc_logger.INFO: Status Code: 200 [] []
[2019-06-05 04:29:16] mvc_logger.INFO: Status Code: 200 [] []
[2019-06-05 04:29:17] mvc_logger.ERROR: Status Code: 500 - Internal Server Error {"Error":"[object] (Twig_Error_Syntax(code: 0): Unknown \"endblock\" tag. at E:\\PATO\\UNIV\\2019\\SIP\\Mantenimiento\\app\\views\\verUnPedido.html:51)"} []
[2019-06-05 04:30:44] mvc_logger.ERROR: Status Code: 500 - Internal Server Error {"Error":"[object] (Twig_Error_Syntax(code: 0): Unknown \"endblock\" tag. at E:\\PATO\\UNIV\\2019\\SIP\\Mantenimiento\\app\\views\\verUnPedido.html:51)"} []
[2019-06-05 04:30:49] mvc_logger.INFO: Status Code: 200 [] []
[2019-06-05 04:30:50] mvc_logger.INFO: Status Code: 200 [] []
[2019-06-05 04:30:51] mvc_logger.ERROR: Status Code: 500 - Internal Server Error {"Error":"[object] (Twig_Error_Syntax(code: 0): Unknown \"endblock\" tag. at E:\\PATO\\UNIV\\2019\\SIP\\Mantenimiento\\app\\views\\verUnPedido.html:51)"} []
[2019-06-05 04:31:20] mvc_logger.INFO: Status Code: 200 [] []
[2019-06-05 04:31:22] mvc_logger.INFO: Status Code: 200 [] []
[2019-06-05 04:31:37] mvc_logger.ERROR: Status Code: 500 - Internal Server Error {"Error":"[object] (Twig_Error_Syntax(code: 0): Unknown \"endblock\" tag. at E:\\PATO\\UNIV\\2019\\SIP\\Mantenimiento\\app\\views\\verUnPedido.html:54)"} []
[2019-06-05 04:31:58] mvc_logger.ERROR: Status Code: 500 - Internal Server Error {"Error":"[object] (Twig_Error_Syntax(code: 0): Unknown \"endblock\" tag. at E:\\PATO\\UNIV\\2019\\SIP\\Mantenimiento\\app\\views\\verUnPedido.html:40)"} []
[2019-06-05 04:32:34] mvc_logger.INFO: Status Code: 200 [] []
[2019-06-05 04:32:57] mvc_logger.INFO: Status Code: 200 [] []
[2019-06-05 04:32:59] mvc_logger.INFO: Status Code: 200 [] []
[2019-06-05 04:33:00] mvc_logger.INFO: Status Code: 200 [] []
[2019-06-05 04:33:01] mvc_logger.INFO: Status Code: 200 [] []
[2019-06-05 04:33:11] mvc_logger.INFO: Status Code: 200 [] []
[2019-06-05 04:33:33] mvc_logger.INFO: Status Code: 200 [] []
[2019-06-05 04:33:38] mvc_logger.INFO: Status Code: 200 [] []
[2019-06-05 04:33:53] mvc_logger.INFO: Status Code: 200 [] []
[2019-06-05 04:34:35] mvc_logger.INFO: Status Code: 200 [] []
[2019-06-05 04:35:16] mvc_logger.INFO: Status Code: 200 [] []
[2019-06-05 04:35:17] mvc_logger.INFO: Status Code: 200 [] []
[2019-06-05 04:35:19] mvc_logger.INFO: Status Code: 200 [] []
[2019-06-05 04:35:20] mvc_logger.INFO: Status Code: 200 [] []
[2019-06-05 04:35:36] mvc_logger.INFO: Status Code: 200 [] []
[2019-06-05 04:35:50] mvc_logger.INFO: Status Code: 200 [] []
[2019-06-05 04:38:30] mvc_logger.INFO: Status Code: 200 [] []
[2019-06-05 04:38:31] mvc_logger.INFO: Status Code: 200 [] []
[2019-06-05 04:38:47] mvc_logger.INFO: Status Code: 200 [] []
[2019-06-05 04:39:04] mvc_logger.INFO: Status Code: 200 [] []
[2019-06-05 04:39:07] mvc_logger.INFO: Status Code: 200 [] []
[2019-06-05 04:39:17] mvc_logger.ERROR: Status Code: 500 - Internal Server Error {"Error":"[object] (PDOException(code: 42S02): SQLSTATE[42S02]: Base table or view not found: 1146 Table 'mantenimiento.turnos' doesn't exist at E:\\PATO\\UNIV\\2019\\SIP\\Mantenimiento\\core\\database\\QueryBuilder.php:38)"} []
[2019-06-05 04:39:20] mvc_logger.INFO: Status Code: 200 [] []
[2019-06-05 04:39:23] mvc_logger.INFO: Status Code: 200 [] []
[2019-06-05 04:39:25] mvc_logger.INFO: Status Code: 200 [] []
[2019-06-05 04:44:46] mvc_logger.INFO: Status Code: 200 [] []
[2019-06-05 04:44:47] mvc_logger.INFO: Status Code: 200 [] []
[2019-06-05 04:44:55] mvc_logger.INFO: Status Code: 200 [] []
[2019-06-05 04:45:25] mvc_logger.INFO: Status Code: 200 [] []
[2019-06-05 04:47:26] mvc_logger.INFO: Status Code: 200 [] []
[2019-06-05 04:47:28] mvc_logger.INFO: Status Code: 200 [] []
[2019-06-05 04:47:29] mvc_logger.INFO: Status Code: 200 [] []
[2019-06-05 04:47:57] mvc_logger.INFO: Status Code: 200 [] []
[2019-06-05 04:48:11] mvc_logger.INFO: Status Code: 200 [] []
[2019-06-05 04:48:17] mvc_logger.INFO: Status Code: 200 [] []
[2019-06-05 04:48:20] mvc_logger.INFO: Status Code: 200 [] []
[2019-06-05 04:49:21] mvc_logger.INFO: Status Code: 200 [] []
[2019-06-05 04:49:21] mvc_logger.INFO: Status Code: 200 [] []
[2019-06-05 04:49:22] mvc_logger.INFO: Status Code: 200 [] []
